0 info it worked if it ends with ok
1 verbose cli [ '/usr/local/bin/node',
1 verbose cli   '/usr/local/bin/npm',
1 verbose cli   'install',
1 verbose cli   '-g',
1 verbose cli   'localtunnel' ]
2 info using npm@2.15.9
3 info using node@v4.5.0
4 verbose install initial load of /usr/local/lib/package.json
5 verbose readDependencies loading dependencies from /usr/local/lib/package.json
6 silly cache add args [ 'localtunnel', null ]
7 verbose cache add spec localtunnel
8 silly cache add parsed spec Result {
8 silly cache add   raw: 'localtunnel',
8 silly cache add   scope: null,
8 silly cache add   name: 'localtunnel',
8 silly cache add   rawSpec: '',
8 silly cache add   spec: 'latest',
8 silly cache add   type: 'tag' }
9 silly addNamed localtunnel@latest
10 verbose addNamed "latest" is being treated as a dist-tag for localtunnel
11 info addNameTag [ 'localtunnel', 'latest' ]
12 silly mapToRegistry name localtunnel
13 silly mapToRegistry using default registry
14 silly mapToRegistry registry https://registry.npmjs.org/
15 silly mapToRegistry data Result {
15 silly mapToRegistry   raw: 'localtunnel',
15 silly mapToRegistry   scope: null,
15 silly mapToRegistry   name: 'localtunnel',
15 silly mapToRegistry   rawSpec: '',
15 silly mapToRegistry   spec: 'latest',
15 silly mapToRegistry   type: 'tag' }
16 silly mapToRegistry uri https://registry.npmjs.org/localtunnel
17 verbose addNameTag registry:https://registry.npmjs.org/localtunnel not in flight; fetching
18 verbose request uri https://registry.npmjs.org/localtunnel
19 verbose request no auth needed
20 info attempt registry request try #1 at 17:38:47
21 verbose request id 3123704435d44b8f
22 http request GET https://registry.npmjs.org/localtunnel
23 http 200 https://registry.npmjs.org/localtunnel
24 verbose headers { server: 'CouchDB/1.6.1 (Erlang OTP/R16B03)',
24 verbose headers   etag: '"325F79OVW2RUXSY0R9JN20F4U"',
24 verbose headers   'content-type': 'application/json',
24 verbose headers   'content-encoding': 'gzip',
24 verbose headers   'cache-control': 'max-age=300',
24 verbose headers   'content-length': '5012',
24 verbose headers   'accept-ranges': 'bytes',
24 verbose headers   date: 'Mon, 03 Oct 2016 09:38:48 GMT',
24 verbose headers   via: '1.1 varnish',
24 verbose headers   age: '0',
24 verbose headers   connection: 'keep-alive',
24 verbose headers   'x-served-by': 'cache-itm7424-ITM',
24 verbose headers   'x-cache': 'HIT',
24 verbose headers   'x-cache-hits': '1',
24 verbose headers   'x-timer': 'S1475487527.981968,VS0,VE533',
24 verbose headers   vary: 'Accept-Encoding' }
25 silly get cb [ 200,
25 silly get   { server: 'CouchDB/1.6.1 (Erlang OTP/R16B03)',
25 silly get     etag: '"325F79OVW2RUXSY0R9JN20F4U"',
25 silly get     'content-type': 'application/json',
25 silly get     'content-encoding': 'gzip',
25 silly get     'cache-control': 'max-age=300',
25 silly get     'content-length': '5012',
25 silly get     'accept-ranges': 'bytes',
25 silly get     date: 'Mon, 03 Oct 2016 09:38:48 GMT',
25 silly get     via: '1.1 varnish',
25 silly get     age: '0',
25 silly get     connection: 'keep-alive',
25 silly get     'x-served-by': 'cache-itm7424-ITM',
25 silly get     'x-cache': 'HIT',
25 silly get     'x-cache-hits': '1',
25 silly get     'x-timer': 'S1475487527.981968,VS0,VE533',
25 silly get     vary: 'Accept-Encoding' } ]
26 verbose get saving localtunnel to /Users/frankyoung/.npm/registry.npmjs.org/localtunnel/.cache.json
27 verbose correctMkdir /Users/frankyoung/.npm correctMkdir not in flight; initializing
28 silly addNameTag next cb for localtunnel with tag latest
29 silly addNamed localtunnel@1.8.1
30 verbose addNamed "1.8.1" is a plain semver version for localtunnel
31 silly mapToRegistry name localtunnel
32 silly mapToRegistry using default registry
33 silly mapToRegistry registry https://registry.npmjs.org/
34 silly mapToRegistry data Result {
34 silly mapToRegistry   raw: 'localtunnel',
34 silly mapToRegistry   scope: null,
34 silly mapToRegistry   name: 'localtunnel',
34 silly mapToRegistry   rawSpec: '',
34 silly mapToRegistry   spec: 'latest',
34 silly mapToRegistry   type: 'tag' }
35 silly mapToRegistry uri https://registry.npmjs.org/localtunnel
36 verbose addRemoteTarball https://registry.npmjs.org/localtunnel/-/localtunnel-1.8.1.tgz not in flight; adding
37 verbose addRemoteTarball [ 'https://registry.npmjs.org/localtunnel/-/localtunnel-1.8.1.tgz',
37 verbose addRemoteTarball   'd51b2bb7a7066afb05b57fc9db844015098f2e17' ]
38 info retry fetch attempt 1 at 17:38:48
39 info attempt registry request try #1 at 17:38:48
40 http fetch GET https://registry.npmjs.org/localtunnel/-/localtunnel-1.8.1.tgz
41 http fetch 200 https://registry.npmjs.org/localtunnel/-/localtunnel-1.8.1.tgz
42 silly fetchAndShaCheck shasum d51b2bb7a7066afb05b57fc9db844015098f2e17
43 verbose addTmpTarball /var/folders/9b/hb68dpq14xl_9fgy1rrmc3z80000gn/T/npm-6689-e0e74ef4/registry.npmjs.org/localtunnel/-/localtunnel-1.8.1.tgz not in flight; adding
44 verbose addTmpTarball already have metadata; skipping unpack for localtunnel@1.8.1
45 verbose correctMkdir /Users/frankyoung/.npm correctMkdir not in flight; initializing
46 silly cache afterAdd localtunnel@1.8.1
47 verbose afterAdd /Users/frankyoung/.npm/localtunnel/1.8.1/package/package.json not in flight; writing
48 verbose correctMkdir /Users/frankyoung/.npm correctMkdir not in flight; initializing
49 verbose afterAdd /Users/frankyoung/.npm/localtunnel/1.8.1/package/package.json written
50 silly install resolved [ { author: { name: 'Roman Shtylman', email: 'shtylman@gmail.com' },
50 silly install resolved     name: 'localtunnel',
50 silly install resolved     description: 'expose localhost to the world',
50 silly install resolved     version: '1.8.1',
50 silly install resolved     license: 'MIT',
50 silly install resolved     repository:
50 silly install resolved      { type: 'git',
50 silly install resolved        url: 'git://github.com/shtylman/localtunnel.git' },
50 silly install resolved     dependencies:
50 silly install resolved      { request: '2.65.0',
50 silly install resolved        yargs: '3.29.0',
50 silly install resolved        debug: '2.2.0',
50 silly install resolved        openurl: '1.1.0' },
50 silly install resolved     devDependencies: { mocha: '~1.17.0' },
50 silly install resolved     scripts: { test: 'mocha --ui qunit --reporter list --timeout 10000 -- test/index.js' },
50 silly install resolved     bin: { lt: './bin/client' },
50 silly install resolved     main: './client.js',
50 silly install resolved     gitHead: '4ae493ae44265f148fea4d536400994652ce1470',
50 silly install resolved     bugs: { url: 'https://github.com/shtylman/localtunnel/issues' },
50 silly install resolved     homepage: 'https://github.com/shtylman/localtunnel#readme',
50 silly install resolved     _id: 'localtunnel@1.8.1',
50 silly install resolved     _shasum: 'd51b2bb7a7066afb05b57fc9db844015098f2e17',
50 silly install resolved     _from: 'localtunnel@latest',
50 silly install resolved     _npmVersion: '3.3.12',
50 silly install resolved     _nodeVersion: '5.4.1',
50 silly install resolved     _npmUser: { name: 'defunctzombie', email: 'shtylman@gmail.com' },
50 silly install resolved     dist:
50 silly install resolved      { shasum: 'd51b2bb7a7066afb05b57fc9db844015098f2e17',
50 silly install resolved        tarball: 'https://registry.npmjs.org/localtunnel/-/localtunnel-1.8.1.tgz' },
50 silly install resolved     maintainers: [ [Object] ],
50 silly install resolved     directories: {},
50 silly install resolved     _resolved: 'https://registry.npmjs.org/localtunnel/-/localtunnel-1.8.1.tgz' } ]
51 info install localtunnel@1.8.1 into /usr/local/lib
52 info installOne localtunnel@1.8.1
53 verbose installOne of localtunnel to /usr/local/lib not in flight; installing
54 verbose correctMkdir /Users/frankyoung/.npm/_locks correctMkdir not in flight; initializing
55 verbose lock using /Users/frankyoung/.npm/_locks/localtunnel-7dc996a9645fd287.lock for /usr/local/lib/node_modules/localtunnel
56 silly install write writing localtunnel 1.8.1 to /usr/local/lib/node_modules/localtunnel
57 verbose unbuild lib/node_modules/localtunnel
58 silly gentlyRm /usr/local/lib/node_modules/localtunnel is being purged from base /usr/local
59 verbose gentlyRm don't care about contents; nuking /usr/local/lib/node_modules/localtunnel
60 verbose tar unpack /Users/frankyoung/.npm/localtunnel/1.8.1/package.tgz
61 verbose tar unpacking to /usr/local/lib/node_modules/localtunnel
62 silly gentlyRm /usr/local/lib/node_modules/localtunnel is being purged
63 verbose gentlyRm don't care about contents; nuking /usr/local/lib/node_modules/localtunnel
64 silly gunzTarPerm modes [ '755', '644' ]
65 error tar.unpack untar error /Users/frankyoung/.npm/localtunnel/1.8.1/package.tgz
66 verbose unlock done using /Users/frankyoung/.npm/_locks/localtunnel-7dc996a9645fd287.lock for /usr/local/lib/node_modules/localtunnel
67 verbose fstream_path /usr/local/lib/node_modules/localtunnel
68 verbose fstream_type Directory
69 verbose fstream_class DirWriter
70 verbose stack Error: EACCES: permission denied, mkdir '/usr/local/lib/node_modules/localtunnel'
70 verbose stack     at Error (native)
71 verbose fstream_stack /usr/local/lib/node_modules/npm/node_modules/fstream/lib/dir-writer.js:35:25
71 verbose fstream_stack /usr/local/lib/node_modules/npm/node_modules/mkdirp/index.js:47:53
71 verbose fstream_stack FSReqWrap.oncomplete (fs.js:82:15)
72 verbose cwd /Users/frankyoung/Sites/seek
73 error Darwin 16.0.0
74 error argv "/usr/local/bin/node" "/usr/local/bin/npm" "install" "-g" "localtunnel"
75 error node v4.5.0
76 error npm  v2.15.9
77 error path /usr/local/lib/node_modules/localtunnel
78 error code EACCES
79 error errno -13
80 error syscall mkdir
81 error Error: EACCES: permission denied, mkdir '/usr/local/lib/node_modules/localtunnel'
81 error     at Error (native)
81 error  { [Error: EACCES: permission denied, mkdir '/usr/local/lib/node_modules/localtunnel']
81 error   errno: -13,
81 error   code: 'EACCES',
81 error   syscall: 'mkdir',
81 error   path: '/usr/local/lib/node_modules/localtunnel',
81 error   fstream_type: 'Directory',
81 error   fstream_path: '/usr/local/lib/node_modules/localtunnel',
81 error   fstream_class: 'DirWriter',
81 error   fstream_stack:
81 error    [ '/usr/local/lib/node_modules/npm/node_modules/fstream/lib/dir-writer.js:35:25',
81 error      '/usr/local/lib/node_modules/npm/node_modules/mkdirp/index.js:47:53',
81 error      'FSReqWrap.oncomplete (fs.js:82:15)' ] }
82 error Please try running this command again as root/Administrator.
83 verbose exit [ -13, true ]
84 verbose unbuild lib/node_modules/localtunnel
85 silly gentlyRm /usr/local/lib/node_modules/localtunnel is being purged from base /usr/local
86 verbose gentlyRm don't care about contents; nuking /usr/local/lib/node_modules/localtunnel
